0 info it worked if it ends with ok
1 verbose cli [ 'node',
1 verbose cli   '/usr/local/bin/npm',
1 verbose cli   'install',
1 verbose cli   '--save-dev',
1 verbose cli   'gulp-clean' ]
2 info using npm@2.11.3
3 info using node@v0.12.7
4 verbose install initial load of /Users/kkateivanova/Projects/test_task/package.json
5 verbose installManyTop reading scoped package data from /Users/kkateivanova/Projects/test_task/node_modules/babel/package.json
6 verbose installManyTop reading scoped package data from /Users/kkateivanova/Projects/test_task/node_modules/babel-core/package.json
7 verbose installManyTop reading scoped package data from /Users/kkateivanova/Projects/test_task/node_modules/browser-sync/package.json
8 verbose installManyTop reading scoped package data from /Users/kkateivanova/Projects/test_task/node_modules/del/package.json
9 verbose installManyTop reading scoped package data from /Users/kkateivanova/Projects/test_task/node_modules/gulp/package.json
10 verbose installManyTop reading scoped package data from /Users/kkateivanova/Projects/test_task/node_modules/gulp-autoprefixer/package.json
11 verbose installManyTop reading scoped package data from /Users/kkateivanova/Projects/test_task/node_modules/gulp-cache/package.json
12 verbose installManyTop reading scoped package data from /Users/kkateivanova/Projects/test_task/node_modules/gulp-eslint/package.json
13 verbose installManyTop reading scoped package data from /Users/kkateivanova/Projects/test_task/node_modules/gulp-if/package.json
14 verbose installManyTop reading scoped package data from /Users/kkateivanova/Projects/test_task/node_modules/gulp-imagemin/package.json
15 verbose installManyTop reading scoped package data from /Users/kkateivanova/Projects/test_task/node_modules/gulp-jade/package.json
16 verbose installManyTop reading scoped package data from /Users/kkateivanova/Projects/test_task/node_modules/gulp-load-plugins/package.json
17 verbose installManyTop reading scoped package data from /Users/kkateivanova/Projects/test_task/node_modules/gulp-minify-css/package.json
18 verbose installManyTop reading scoped package data from /Users/kkateivanova/Projects/test_task/node_modules/gulp-minify-html/package.json
19 verbose installManyTop reading scoped package data from /Users/kkateivanova/Projects/test_task/node_modules/gulp-plumber/package.json
20 verbose installManyTop reading scoped package data from /Users/kkateivanova/Projects/test_task/node_modules/gulp-sass/package.json
21 verbose installManyTop reading scoped package data from /Users/kkateivanova/Projects/test_task/node_modules/gulp-size/package.json
22 verbose installManyTop reading scoped package data from /Users/kkateivanova/Projects/test_task/node_modules/gulp-sourcemaps/package.json
23 verbose installManyTop reading scoped package data from /Users/kkateivanova/Projects/test_task/node_modules/gulp-subtree/package.json
24 verbose installManyTop reading scoped package data from /Users/kkateivanova/Projects/test_task/node_modules/gulp-uglify/package.json
25 verbose installManyTop reading scoped package data from /Users/kkateivanova/Projects/test_task/node_modules/gulp-useref/package.json
26 verbose installManyTop reading scoped package data from /Users/kkateivanova/Projects/test_task/node_modules/main-bower-files/package.json
27 verbose installManyTop reading scoped package data from /Users/kkateivanova/Projects/test_task/node_modules/opn/package.json
28 verbose installManyTop reading scoped package data from /Users/kkateivanova/Projects/test_task/node_modules/wiredep/package.json
29 info package.json gulp-eslint@0.13.2 No license field.
30 info package.json gulp-if@1.2.5 No license field.
31 info package.json wiredep@2.2.2 No license field.
32 verbose readDependencies loading dependencies from /Users/kkateivanova/Projects/test_task/package.json
33 silly cache add args [ 'gulp-clean', null ]
34 verbose cache add spec gulp-clean
35 silly cache add parsed spec { raw: 'gulp-clean',
35 silly cache add   scope: null,
35 silly cache add   name: 'gulp-clean',
35 silly cache add   rawSpec: '',
35 silly cache add   spec: '*',
35 silly cache add   type: 'range' }
36 silly addNamed gulp-clean@*
37 verbose addNamed "*" is a valid semver range for gulp-clean
38 silly addNameRange { name: 'gulp-clean', range: '*', hasData: false }
39 silly mapToRegistry name gulp-clean
40 silly mapToRegistry using default registry
41 silly mapToRegistry registry https://registry.npmjs.org/
42 silly mapToRegistry uri https://registry.npmjs.org/gulp-clean
43 verbose addNameRange registry:https://registry.npmjs.org/gulp-clean not in flight; fetching
44 verbose request uri https://registry.npmjs.org/gulp-clean
45 verbose request no auth needed
46 info attempt registry request try #1 at 14:42:10
47 verbose request id 3054f1dd0130dfba
48 http request GET https://registry.npmjs.org/gulp-clean
49 http 200 https://registry.npmjs.org/gulp-clean
50 silly get cb [ 200,
50 silly get   { server: 'CouchDB/1.5.0 (Erlang OTP/R16B03)',
50 silly get     etag: '"B1PGB40YDOM5VGODHZ5A6TM3P"',
50 silly get     'content-type': 'application/json',
50 silly get     'cache-control': 'max-age=60',
50 silly get     'content-length': '14081',
50 silly get     'accept-ranges': 'bytes',
50 silly get     date: 'Wed, 26 Aug 2015 11:42:11 GMT',
50 silly get     via: '1.1 varnish',
50 silly get     age: '0',
50 silly get     connection: 'keep-alive',
50 silly get     'x-served-by': 'cache-fra1227-FRA',
50 silly get     'x-cache': 'HIT',
50 silly get     'x-cache-hits': '1',
50 silly get     'x-timer': 'S1440589331.046007,VS0,VE700',
50 silly get     vary: 'Accept' } ]
51 verbose get saving gulp-clean to /Users/kkateivanova/.npm/registry.npmjs.org/gulp-clean/.cache.json
52 silly addNameRange number 2 { name: 'gulp-clean', range: '*', hasData: true }
53 silly addNameRange versions [ 'gulp-clean',
53 silly addNameRange   [ '0.1.1',
53 silly addNameRange     '0.1.2',
53 silly addNameRange     '0.1.3',
53 silly addNameRange     '0.2.0',
53 silly addNameRange     '0.2.1',
53 silly addNameRange     '0.2.2',
53 silly addNameRange     '0.2.3',
53 silly addNameRange     '0.2.4',
53 silly addNameRange     '0.3.0',
53 silly addNameRange     '0.3.1' ] ]
54 silly addNamed gulp-clean@0.3.1
55 verbose addNamed "0.3.1" is a plain semver version for gulp-clean
56 warn deprecated gulp-clean@0.3.1: use gulp-rimraf instead
57 silly mapToRegistry name gulp-clean
58 silly mapToRegistry using default registry
59 silly mapToRegistry registry https://registry.npmjs.org/
60 silly mapToRegistry uri https://registry.npmjs.org/gulp-clean
61 verbose addRemoteTarball https://registry.npmjs.org/gulp-clean/-/gulp-clean-0.3.1.tgz not in flight; adding
62 verbose addRemoteTarball [ 'https://registry.npmjs.org/gulp-clean/-/gulp-clean-0.3.1.tgz',
62 verbose addRemoteTarball   '52b08a6dfab27a81c67826eeb97affb4aa5f756d' ]
63 info retry fetch attempt 1 at 14:42:11
64 info attempt registry request try #1 at 14:42:11
65 http fetch GET https://registry.npmjs.org/gulp-clean/-/gulp-clean-0.3.1.tgz
66 http fetch 200 https://registry.npmjs.org/gulp-clean/-/gulp-clean-0.3.1.tgz
67 silly fetchAndShaCheck shasum 52b08a6dfab27a81c67826eeb97affb4aa5f756d
68 verbose addTmpTarball /tmp/npm-37107-66219f46/registry.npmjs.org/gulp-clean/-/gulp-clean-0.3.1.tgz not in flight; adding
69 verbose addTmpTarball already have metadata; skipping unpack for gulp-clean@0.3.1
70 silly cache afterAdd gulp-clean@0.3.1
71 verbose afterAdd /Users/kkateivanova/.npm/gulp-clean/0.3.1/package/package.json not in flight; writing
72 verbose afterAdd /Users/kkateivanova/.npm/gulp-clean/0.3.1/package/package.json written
73 silly install resolved [ { name: 'gulp-clean',
73 silly install resolved     version: '0.3.1',
73 silly install resolved     description: 'A gulp plugin for removing files and folders.',
73 silly install resolved     keywords: [ 'gulpplugin', 'clean', 'remove', 'delete' ],
73 silly install resolved     homepage: 'https://github.com/peter-vilja/gulp-clean',
73 silly install resolved     bugs: { url: 'https://github.com/peter-vilja/gulp-clean/issues' },
73 silly install resolved     author: { name: 'Peter Vilja', url: 'https://github.com/peter-vilja' },
73 silly install resolved     main: 'index.js',
73 silly install resolved     repository:
73 silly install resolved      { type: 'git',
73 silly install resolved        url: 'git://github.com/peter-vilja/gulp-clean.git' },
73 silly install resolved     scripts: { test: 'mocha test.js' },
73 silly install resolved     dependencies: { rimraf: '^2.2.8', 'gulp-util': '^2.2.14', through2: '^0.4.2' },
73 silly install resolved     devDependencies: { mocha: '^1.19.0', chai: '^1.9.1' },
73 silly install resolved     engines: { node: '>=0.9' },
73 silly install resolved     licenses: [ [Object] ],
73 silly install resolved     _id: 'gulp-clean@0.3.1',
73 silly install resolved     dist:
73 silly install resolved      { shasum: '52b08a6dfab27a81c67826eeb97affb4aa5f756d',
73 silly install resolved        tarball: 'http://registry.npmjs.org/gulp-clean/-/gulp-clean-0.3.1.tgz' },
73 silly install resolved     _from: 'gulp-clean@*',
73 silly install resolved     _npmVersion: '1.4.6',
73 silly install resolved     _npmUser: { name: 'petervilja', email: 'peter.vilja@gmail.com' },
73 silly install resolved     maintainers: [ [Object] ],
73 silly install resolved     deprecated: 'use gulp-rimraf instead',
73 silly install resolved     directories: {},
73 silly install resolved     _shasum: '52b08a6dfab27a81c67826eeb97affb4aa5f756d',
73 silly install resolved     _resolved: 'https://registry.npmjs.org/gulp-clean/-/gulp-clean-0.3.1.tgz' } ]
74 info install gulp-clean@0.3.1 into /Users/kkateivanova/Projects/test_task
75 info installOne gulp-clean@0.3.1
76 verbose installOne of gulp-clean to /Users/kkateivanova/Projects/test_task not in flight; installing
77 verbose lock using /Users/kkateivanova/.npm/_locks/gulp-clean-b1bf754208a7d364.lock for /Users/kkateivanova/Projects/test_task/node_modules/gulp-clean
78 silly install write writing gulp-clean 0.3.1 to /Users/kkateivanova/Projects/test_task/node_modules/gulp-clean
79 verbose unbuild node_modules/gulp-clean
80 silly gentlyRm /Users/kkateivanova/Projects/test_task/node_modules/gulp-clean is being purged from base /Users/kkateivanova/Projects/test_task
81 verbose gentlyRm don't care about contents; nuking /Users/kkateivanova/Projects/test_task/node_modules/gulp-clean
82 verbose tar unpack /Users/kkateivanova/.npm/gulp-clean/0.3.1/package.tgz
83 verbose tar unpacking to /Users/kkateivanova/Projects/test_task/node_modules/gulp-clean
84 silly gentlyRm /Users/kkateivanova/Projects/test_task/node_modules/gulp-clean is being purged
85 verbose gentlyRm don't care about contents; nuking /Users/kkateivanova/Projects/test_task/node_modules/gulp-clean
86 silly gunzTarPerm modes [ '755', '644' ]
87 silly gunzTarPerm extractEntry package.json
88 silly gunzTarPerm extractEntry .npmignore
89 silly gunzTarPerm extractEntry README.md
90 silly gunzTarPerm extractEntry index.js
91 silly gunzTarPerm extractEntry test.js
92 silly gunzTarPerm extractEntry .jshintrc
93 silly gunzTarPerm extractEntry .travis.yml
94 verbose write writing to /Users/kkateivanova/Projects/test_task/node_modules/gulp-clean/package.json
95 info preinstall gulp-clean@0.3.1
96 verbose readDependencies loading dependencies from /Users/kkateivanova/Projects/test_task/node_modules/gulp-clean/package.json
97 silly prepareForInstallMany adding rimraf@^2.2.8 from gulp-clean dependencies
98 silly prepareForInstallMany adding gulp-util@^2.2.14 from gulp-clean dependencies
99 silly prepareForInstallMany adding through2@^0.4.2 from gulp-clean dependencies
100 verbose readDependencies loading dependencies from /Users/kkateivanova/Projects/test_task/node_modules/gulp-clean/package.json
101 silly cache add args [ 'gulp-util@^2.2.14', null ]
102 verbose cache add spec gulp-util@^2.2.14
103 silly cache add parsed spec { raw: 'gulp-util@^2.2.14',
103 silly cache add   scope: null,
103 silly cache add   name: 'gulp-util',
103 silly cache add   rawSpec: '^2.2.14',
103 silly cache add   spec: '>=2.2.14 <3.0.0',
103 silly cache add   type: 'range' }
104 silly addNamed gulp-util@>=2.2.14 <3.0.0
105 verbose addNamed ">=2.2.14 <3.0.0" is a valid semver range for gulp-util
106 silly addNameRange { name: 'gulp-util', range: '>=2.2.14 <3.0.0', hasData: false }
107 silly mapToRegistry name gulp-util
108 silly mapToRegistry using default registry
109 silly mapToRegistry registry https://registry.npmjs.org/
110 silly mapToRegistry uri https://registry.npmjs.org/gulp-util
111 verbose addNameRange registry:https://registry.npmjs.org/gulp-util not in flight; fetching
112 silly cache add args [ 'through2@^0.4.2', null ]
113 verbose cache add spec through2@^0.4.2
114 silly cache add parsed spec { raw: 'through2@^0.4.2',
114 silly cache add   scope: null,
114 silly cache add   name: 'through2',
114 silly cache add   rawSpec: '^0.4.2',
114 silly cache add   spec: '>=0.4.2 <0.5.0',
114 silly cache add   type: 'range' }
115 silly addNamed through2@>=0.4.2 <0.5.0
116 verbose addNamed ">=0.4.2 <0.5.0" is a valid semver range for through2
117 silly addNameRange { name: 'through2', range: '>=0.4.2 <0.5.0', hasData: false }
118 silly mapToRegistry name through2
119 silly mapToRegistry using default registry
120 silly mapToRegistry registry https://registry.npmjs.org/
121 silly mapToRegistry uri https://registry.npmjs.org/through2
122 verbose addNameRange registry:https://registry.npmjs.org/through2 not in flight; fetching
123 silly cache add args [ 'rimraf@^2.2.8', null ]
124 verbose cache add spec rimraf@^2.2.8
125 silly cache add parsed spec { raw: 'rimraf@^2.2.8',
125 silly cache add   scope: null,
125 silly cache add   name: 'rimraf',
125 silly cache add   rawSpec: '^2.2.8',
125 silly cache add   spec: '>=2.2.8 <3.0.0',
125 silly cache add   type: 'range' }
126 silly addNamed rimraf@>=2.2.8 <3.0.0
127 verbose addNamed ">=2.2.8 <3.0.0" is a valid semver range for rimraf
128 silly addNameRange { name: 'rimraf', range: '>=2.2.8 <3.0.0', hasData: false }
129 silly mapToRegistry name rimraf
130 silly mapToRegistry using default registry
131 silly mapToRegistry registry https://registry.npmjs.org/
132 silly mapToRegistry uri https://registry.npmjs.org/rimraf
133 verbose addNameRange registry:https://registry.npmjs.org/rimraf not in flight; fetching
134 verbose request uri https://registry.npmjs.org/gulp-util
135 verbose request no auth needed
136 info attempt registry request try #1 at 14:42:12
137 verbose etag "BVXNWBNNV9ROBJUYBH815TGS5"
138 http request GET https://registry.npmjs.org/gulp-util
139 verbose request uri https://registry.npmjs.org/through2
140 verbose request no auth needed
141 info attempt registry request try #1 at 14:42:12
142 verbose etag "6NUA3NY9KKIO8E9KW71H4F5T9"
143 http request GET https://registry.npmjs.org/through2
144 verbose request uri https://registry.npmjs.org/rimraf
145 verbose request no auth needed
146 info attempt registry request try #1 at 14:42:12
147 verbose etag "1H54VO41K9J0D07JHAD992Y44"
148 http request GET https://registry.npmjs.org/rimraf
149 info retry will retry, error on last attempt: Error: socket hang up
150 http 304 https://registry.npmjs.org/rimraf
151 silly get cb [ 304,
151 silly get   { date: 'Wed, 26 Aug 2015 11:42:12 GMT',
151 silly get     via: '1.1 varnish',
151 silly get     'cache-control': 'max-age=60',
151 silly get     etag: '"1H54VO41K9J0D07JHAD992Y44"',
151 silly get     age: '49',
151 silly get     connection: 'keep-alive',
151 silly get     'x-served-by': 'cache-fra1231-FRA',
151 silly get     'x-cache': 'HIT',
151 silly get     'x-cache-hits': '7',
151 silly get     'x-timer': 'S1440589332.322989,VS0,VE0',
151 silly get     vary: 'Accept' } ]
152 verbose etag https://registry.npmjs.org/rimraf from cache
153 verbose get saving rimraf to /Users/kkateivanova/.npm/registry.npmjs.org/rimraf/.cache.json
154 http 304 https://registry.npmjs.org/gulp-util
155 silly get cb [ 304,
155 silly get   { date: 'Wed, 26 Aug 2015 11:42:12 GMT',
155 silly get     via: '1.1 varnish',
155 silly get     'cache-control': 'max-age=60',
155 silly get     etag: '"BVXNWBNNV9ROBJUYBH815TGS5"',
155 silly get     age: '4',
155 silly get     connection: 'keep-alive',
155 silly get     'x-served-by': 'cache-fra1232-FRA',
155 silly get     'x-cache': 'HIT',
155 silly get     'x-cache-hits': '1',
155 silly get     'x-timer': 'S1440589332.323595,VS0,VE0',
155 silly get     vary: 'Accept' } ]
156 verbose etag https://registry.npmjs.org/gulp-util from cache
157 verbose get saving gulp-util to /Users/kkateivanova/.npm/registry.npmjs.org/gulp-util/.cache.json
158 silly addNameRange number 2 { name: 'rimraf', range: '>=2.2.8 <3.0.0', hasData: true }
159 silly addNameRange versions [ 'rimraf',
159 silly addNameRange   [ '1.0.0',
159 silly addNameRange     '1.0.1',
159 silly addNameRange     '1.0.2',
159 silly addNameRange     '1.0.4',
159 silly addNameRange     '1.0.5',
159 silly addNameRange     '1.0.6',
159 silly addNameRange     '1.0.7',
159 silly addNameRange     '1.0.8',
159 silly addNameRange     '1.0.9',
159 silly addNameRange     '2.0.0',
159 silly addNameRange     '2.0.1',
159 silly addNameRange     '2.0.2',
159 silly addNameRange     '2.0.3',
159 silly addNameRange     '2.1.0',
159 silly addNameRange     '2.1.1',
159 silly addNameRange     '2.1.2',
159 silly addNameRange     '2.1.3',
159 silly addNameRange     '2.1.4',
159 silly addNameRange     '2.2.0',
159 silly addNameRange     '2.2.1',
159 silly addNameRange     '2.2.2',
159 silly addNameRange     '2.2.3',
159 silly addNameRange     '2.2.4',
159 silly addNameRange     '2.2.5',
159 silly addNameRange     '2.2.6',
159 silly addNameRange     '2.2.8',
159 silly addNameRange     '2.3.0',
159 silly addNameRange     '2.3.1',
159 silly addNameRange     '2.3.2',
159 silly addNameRange     '2.3.3',
159 silly addNameRange     '2.3.4',
159 silly addNameRange     '2.4.0',
159 silly addNameRange     '2.4.1',
159 silly addNameRange     '2.4.2' ] ]
160 silly addNamed rimraf@2.4.2
161 verbose addNamed "2.4.2" is a plain semver version for rimraf
162 silly addNameRange number 2 { name: 'gulp-util', range: '>=2.2.14 <3.0.0', hasData: true }
163 silly addNameRange versions [ 'gulp-util',
163 silly addNameRange   [ '0.0.1',
163 silly addNameRange     '1.0.0',
163 silly addNameRange     '1.1.0',
163 silly addNameRange     '1.1.1',
163 silly addNameRange     '1.2.0',
163 silly addNameRange     '1.3.0',
163 silly addNameRange     '2.0.0',
163 silly addNameRange     '2.1.1',
163 silly addNameRange     '2.1.2',
163 silly addNameRange     '2.1.3',
163 silly addNameRange     '2.1.4',
163 silly addNameRange     '2.2.0',
163 silly addNameRange     '2.2.1',
163 silly addNameRange     '2.2.2',
163 silly addNameRange     '2.2.3',
163 silly addNameRange     '2.2.5',
163 silly addNameRange     '2.2.6',
163 silly addNameRange     '2.2.7',
163 silly addNameRange     '2.2.8',
163 silly addNameRange     '2.2.9',
163 silly addNameRange     '2.2.10',
163 silly addNameRange     '2.2.11',
163 silly addNameRange     '2.2.12',
163 silly addNameRange     '2.2.13',
163 silly addNameRange     '2.2.14',
163 silly addNameRange     '2.2.15',
163 silly addNameRange     '2.2.16',
163 silly addNameRange     '2.2.17',
163 silly addNameRange     '2.2.18',
163 silly addNameRange     '2.2.19',
163 silly addNameRange     '2.2.20',
163 silly addNameRange     '3.0.0',
163 silly addNameRange     '3.0.1',
163 silly addNameRange     '3.0.2',
163 silly addNameRange     '3.0.3',
163 silly addNameRange     '3.0.4',
163 silly addNameRange     '3.0.5',
163 silly addNameRange     '3.0.6' ] ]
164 silly addNamed gulp-util@2.2.20
165 verbose addNamed "2.2.20" is a plain semver version for gulp-util
166 silly cache afterAdd gulp-util@2.2.20
167 verbose afterAdd /Users/kkateivanova/.npm/gulp-util/2.2.20/package/package.json not in flight; writing
168 silly cache afterAdd rimraf@2.4.2
169 verbose afterAdd /Users/kkateivanova/.npm/rimraf/2.4.2/package/package.json not in flight; writing
170 verbose afterAdd /Users/kkateivanova/.npm/gulp-util/2.2.20/package/package.json written
171 verbose afterAdd /Users/kkateivanova/.npm/rimraf/2.4.2/package/package.json written
172 verbose stack Error: read ECONNRESET
172 verbose stack     at exports._errnoException (util.js:746:11)
172 verbose stack     at TCP.onread (net.js:559:26)
173 verbose cwd /Users/kkateivanova/Projects/test_task
174 error Darwin 14.5.0
175 error argv "node" "/usr/local/bin/npm" "install" "--save-dev" "gulp-clean"
176 error node v0.12.7
177 error npm  v2.11.3
178 error code ECONNRESET
179 error errno ECONNRESET
180 error syscall read
181 error network read ECONNRESET
181 error network This is most likely not a problem with npm itself
181 error network and is related to network connectivity.
181 error network In most cases you are behind a proxy or have bad network settings.
181 error network
181 error network If you are behind a proxy, please make sure that the
181 error network 'proxy' config is set properly.  See: 'npm help config'
182 verbose exit [ 1, true ]
